<?xml version="1.0" encoding="UTF-8"?>
<testng-results ignored="0" total="1" passed="1" failed="0" skipped="0">
  <reporter-output>
  </reporter-output>
  <suite started-at="2023-02-14T12:36:22 IST" name="Default suite" finished-at="2023-02-14T12:36:32 IST" duration-ms="10222">
    <groups>
    </groups>
    <test started-at="2023-02-14T12:36:22 IST" name="Default test" finished-at="2023-02-14T12:36:32 IST" duration-ms="10222">
      <class name="com.kts.tests.SignUpTest">
        <test-method is-config="true" signature="setUp()[pri:0, instance:com.kts.tests.SignUpTest@72d1ad2e]" started-at="2023-02-14T12:36:22 IST" name="setUp" finished-at="2023-02-14T12:36:28 IST" duration-ms="5827" status="PASS">
          <reporter-output>
          </reporter-output>
        </test-method> <!-- setUp -->
        <test-method signature="signUp()[pri:0, instance:com.kts.tests.SignUpTest@72d1ad2e]" started-at="2023-02-14T12:36:28 IST" name="signUp" finished-at="2023-02-14T12:36:32 IST" duration-ms="3911" status="PASS">
          <reporter-output>
          </reporter-output>
        </test-method> <!-- signUp -->
        <test-method is-config="true" signature="tearDown()[pri:0, instance:com.kts.tests.SignUpTest@72d1ad2e]" started-at="2023-02-14T12:36:32 IST" name="tearDown" finished-at="2023-02-14T12:36:32 IST" duration-ms="422" status="PASS">
          <reporter-output>
          </reporter-output>
        </test-method> <!-- tearDown -->
      </class> <!-- com.kts.tests.SignUpTest -->
    </test> <!-- Default test -->
  </suite> <!-- Default suite -->
</testng-results>
